This file contains any messages produced by compilers while
running configure, to aid debugging if configure makes a mistake.

It was created by phidget22extra C Library configure 1.16, which was
generated by GNU Autoconf 2.69.  Invocation command line was

  $ ./configure 

## --------- ##
## Platform. ##
## --------- ##

hostname = theDungeon
uname -m = x86_64
uname -r = 5.17.0-1033-oem
uname -s = Linux
uname -v = #34-Ubuntu SMP PREEMPT Fri Jun 2 07:48:56 UTC 2023

/usr/bin/uname -p = x86_64
/bin/uname -X     = unknown

/bin/arch              = x86_64
/usr/bin/arch -k       = unknown
/usr/convex/getsysinfo = unknown
/usr/bin/hostinfo      = unknown
/bin/machine           = unknown
/usr/bin/oslevel       = unknown
/bin/universe          = unknown

PATH: /usr/local/sbin
PATH: /usr/local/bin
PATH: /usr/sbin
PATH: /usr/bin
PATH: /sbin
PATH: /bin
PATH: /snap/bin


## ----------- ##
## Core tests. ##
## ----------- ##

configure:2167: checking for a BSD-compatible install
configure:2235: result: /usr/bin/install -c
configure:2246: checking whether build environment is sane
configure:2301: result: yes
configure:2452: checking for a thread-safe mkdir -p
configure:2491: result: /usr/bin/mkdir -p
configure:2498: checking for gawk
configure:2528: result: no
configure:2498: checking for mawk
configure:2514: found /usr/bin/mawk
configure:2525: result: mawk
configure:2536: checking whether make sets $(MAKE)
configure:2558: result: yes
configure:2587: checking whether make supports nested variables
configure:2604: result: yes
configure:2742: checking for style of include used by make
configure:2770: result: GNU
configure:2841: checking for gcc
configure:2857: found /usr/bin/gcc
configure:2868: result: gcc
configure:3097: checking for C compiler version
configure:3106: gcc --version >&5
gcc (Ubuntu 11.4.0-1ubuntu1~22.04) 11.4.0
Copyright (C) 2021 Free Software Foundation, Inc.
This is free software; see the source for copying conditions.  There is NO
warranty; not even for MERCHANTABILITY or FITNESS FOR A PARTICULAR PURPOSE.

configure:3117: $? = 0
configure:3106: gcc -v >&5
Using built-in specs.
COLLECT_GCC=gcc
COLLECT_LTO_WRAPPER=/usr/lib/gcc/x86_64-linux-gnu/11/lto-wrapper
OFFLOAD_TARGET_NAMES=nvptx-none:amdgcn-amdhsa
OFFLOAD_TARGET_DEFAULT=1
Target: x86_64-linux-gnu
Configured with: ../src/configure -v --with-pkgversion='Ubuntu 11.4.0-1ubuntu1~22.04' --with-bugurl=file:///usr/share/doc/gcc-11/README.Bugs --enable-languages=c,ada,c++,go,brig,d,fortran,objc,obj-c++,m2 --prefix=/usr --with-gcc-major-version-only --program-suffix=-11 --program-prefix=x86_64-linux-gnu- --enable-shared --enable-linker-build-id --libexecdir=/usr/lib --without-included-gettext --enable-threads=posix --libdir=/usr/lib --enable-nls --enable-bootstrap --enable-clocale=gnu --enable-libstdcxx-debug --enable-libstdcxx-time=yes --with-default-libstdcxx-abi=new --enable-gnu-unique-object --disable-vtable-verify --enable-plugin --enable-default-pie --with-system-zlib --enable-libphobos-checking=release --with-target-system-zlib=auto --enable-objc-gc=auto --enable-multiarch --disable-werror --enable-cet --with-arch-32=i686 --with-abi=m64 --with-multilib-list=m32,m64,mx32 --enable-multilib --with-tune=generic --enable-offload-targets=nvptx-none=/build/gcc-11-XeT9lY/gcc-11-11.4.0/debian/tmp-nvptx/usr,amdgcn-amdhsa=/build/gcc-11-XeT9lY/gcc-11-11.4.0/debian/tmp-gcn/usr --without-cuda-driver --enable-checking=release --build=x86_64-linux-gnu --host=x86_64-linux-gnu --target=x86_64-linux-gnu --with-build-config=bootstrap-lto-lean --enable-link-serialization=2
Thread model: posix
Supported LTO compression algorithms: zlib zstd
gcc version 11.4.0 (Ubuntu 11.4.0-1ubuntu1~22.04) 
... rest of stderr output deleted ...
configure:3117: $? = 0
configure:3106: gcc -V >&5
gcc: error: unrecognized command-line option '-V'
gcc: fatal error: no input files
compilation terminated.
configure:3117: $? = 1
configure:3106: gcc -qversion >&5
gcc: error: unrecognized command-line option '-qversion'; did you mean '--version'?
gcc: fatal error: no input files
compilation terminated.
configure:3117: $? = 1
configure:3137: checking whether the C compiler works
configure:3159: gcc    conftest.c  >&5
configure:3163: $? = 0
configure:3211: result: yes
configure:3214: checking for C compiler default output file name
configure:3216: result: a.out
configure:3222: checking for suffix of executables
configure:3229: gcc -o conftest    conftest.c  >&5
configure:3233: $? = 0
configure:3255: result: 
configure:3277: checking whether we are cross compiling
configure:3285: gcc -o conftest    conftest.c  >&5
configure:3289: $? = 0
configure:3296: ./conftest
configure:3300: $? = 0
configure:3315: result: no
configure:3320: checking for suffix of object files
configure:3342: gcc -c   conftest.c >&5
configure:3346: $? = 0
configure:3367: result: o
configure:3371: checking whether we are using the GNU C compiler
configure:3390: gcc -c   conftest.c >&5
configure:3390: $? = 0
configure:3399: result: yes
configure:3408: checking whether gcc accepts -g
configure:3428: gcc -c -g  conftest.c >&5
configure:3428: $? = 0
configure:3469: result: yes
configure:3486: checking for gcc option to accept ISO C89
configure:3549: gcc  -c -g -O2  conftest.c >&5
configure:3549: $? = 0
configure:3562: result: none needed
configure:3587: checking whether gcc understands -c and -o together
configure:3609: gcc -c conftest.c -o conftest2.o
configure:3612: $? = 0
configure:3609: gcc -c conftest.c -o conftest2.o
configure:3612: $? = 0
configure:3624: result: yes
configure:3643: checking dependency style of gcc
configure:3754: result: gcc3
configure:3819: checking for ar
configure:3835: found /usr/bin/ar
configure:3846: result: ar
configure:3872: checking the archiver (ar) interface
configure:3888: gcc -c -g -O2  conftest.c >&5
configure:3888: $? = 0
configure:3890: ar cru libconftest.a conftest.o >&5
ar: `u' modifier ignored since `D' is the default (see `U')
configure:3893: $? = 0
configure:3921: result: ar
configure:3946: checking build system type
configure:3960: result: x86_64-unknown-linux-gnu
configure:3980: checking host system type
configure:3993: result: x86_64-unknown-linux-gnu
configure:4096: checking how to print strings
configure:4123: result: printf
configure:4144: checking for a sed that does not truncate output
configure:4208: result: /usr/bin/sed
configure:4226: checking for grep that handles long lines and -e
configure:4284: result: /usr/bin/grep
configure:4289: checking for egrep
configure:4351: result: /usr/bin/grep -E
configure:4356: checking for fgrep
configure:4418: result: /usr/bin/grep -F
configure:4453: checking for ld used by gcc
configure:4520: result: /usr/bin/ld
configure:4527: checking if the linker (/usr/bin/ld) is GNU ld
configure:4542: result: yes
configure:4554: checking for BSD- or MS-compatible name lister (nm)
configure:4603: result: /usr/bin/nm -B
configure:4733: checking the name lister (/usr/bin/nm -B) interface
configure:4740: gcc -c -g -O2  conftest.c >&5
configure:4743: /usr/bin/nm -B "conftest.o"
configure:4746: output
0000000000000000 B some_variable
configure:4753: result: BSD nm
configure:4756: checking whether ln -s works
configure:4760: result: yes
configure:4768: checking the maximum length of command line arguments
configure:4899: result: 1572864
configure:4916: checking whether the shell understands some XSI constructs
configure:4926: result: yes
configure:4930: checking whether the shell understands "+="
configure:4936: result: yes
configure:4971: checking how to convert x86_64-unknown-linux-gnu file names to x86_64-unknown-linux-gnu format
configure:5011: result: func_convert_file_noop
configure:5018: checking how to convert x86_64-unknown-linux-gnu file names to toolchain format
configure:5038: result: func_convert_file_noop
configure:5045: checking for /usr/bin/ld option to reload object files
configure:5052: result: -r
configure:5126: checking for objdump
configure:5142: found /usr/bin/objdump
configure:5153: result: objdump
configure:5185: checking how to recognize dependent libraries
configure:5383: result: pass_all
configure:5468: checking for dlltool
configure:5498: result: no
configure:5528: checking how to associate runtime and link libraries
configure:5555: result: printf %s\n
configure:5679: checking for archiver @FILE support
configure:5696: gcc -c -g -O2  conftest.c >&5
configure:5696: $? = 0
configure:5699: ar cru libconftest.a @conftest.lst >&5
ar: `u' modifier ignored since `D' is the default (see `U')
configure:5702: $? = 0
configure:5707: ar cru libconftest.a @conftest.lst >&5
ar: `u' modifier ignored since `D' is the default (see `U')
ar: conftest.o: No such file or directory
configure:5710: $? = 1
configure:5722: result: @
configure:5780: checking for strip
configure:5796: found /usr/bin/strip
configure:5807: result: strip
configure:5879: checking for ranlib
configure:5895: found /usr/bin/ranlib
configure:5906: result: ranlib
configure:6008: checking command to parse /usr/bin/nm -B output from gcc object
configure:6128: gcc -c -g -O2  conftest.c >&5
configure:6131: $? = 0
configure:6135: /usr/bin/nm -B conftest.o \| sed -n -e 's/^.*[ ]\([ABCDGIRSTW][ABCDGIRSTW]*\)[ ][ ]*\([_A-Za-z][_A-Za-z0-9]*\)$/\1 \2 \2/p' | sed '/ __gnu_lto/d' \> conftest.nm
configure:6138: $? = 0
configure:6204: gcc -o conftest -g -O2   conftest.c conftstm.o >&5
configure:6207: $? = 0
configure:6245: result: ok
configure:6282: checking for sysroot
configure:6312: result: no
configure:6389: gcc -c -g -O2  conftest.c >&5
configure:6392: $? = 0
configure:6581: checking for mt
configure:6597: found /usr/bin/mt
configure:6608: result: mt
configure:6631: checking if mt is a manifest tool
configure:6637: mt '-?'
configure:6645: result: no
configure:7287: checking how to run the C preprocessor
configure:7318: gcc -E  conftest.c
configure:7318: $? = 0
configure:7332: gcc -E  conftest.c
conftest.c:13:10: fatal error: ac_nonexistent.h: No such file or directory
   13 | #include <ac_nonexistent.h>
      |          ^~~~~~~~~~~~~~~~~~
compilation terminated.
configure:7332: $? = 1
configure: failed program was:
| /* confdefs.h */
| #define PACKAGE_NAME "phidget22extra C Library"
| #define PACKAGE_TARNAME "libphidget22extra"
| #define PACKAGE_VERSION "1.16"
| #define PACKAGE_STRING "phidget22extra C Library 1.16"
| #define PACKAGE_BUGREPORT "support@phidgets.com"
| #define PACKAGE_URL "www.phidgets.com"
| #define PACKAGE "libphidget22extra"
| #define VERSION "1.16"
| #define _HOST_CPU x86_64
| #define _MACHINE x86_64
| /* end confdefs.h.  */
| #include <ac_nonexistent.h>
configure:7357: result: gcc -E
configure:7377: gcc -E  conftest.c
configure:7377: $? = 0
configure:7391: gcc -E  conftest.c
conftest.c:13:10: fatal error: ac_nonexistent.h: No such file or directory
   13 | #include <ac_nonexistent.h>
      |          ^~~~~~~~~~~~~~~~~~
compilation terminated.
configure:7391: $? = 1
configure: failed program was:
| /* confdefs.h */
| #define PACKAGE_NAME "phidget22extra C Library"
| #define PACKAGE_TARNAME "libphidget22extra"
| #define PACKAGE_VERSION "1.16"
| #define PACKAGE_STRING "phidget22extra C Library 1.16"
| #define PACKAGE_BUGREPORT "support@phidgets.com"
| #define PACKAGE_URL "www.phidgets.com"
| #define PACKAGE "libphidget22extra"
| #define VERSION "1.16"
| #define _HOST_CPU x86_64
| #define _MACHINE x86_64
| /* end confdefs.h.  */
| #include <ac_nonexistent.h>
configure:7420: checking for ANSI C header files
configure:7440: gcc -c -g -O2  conftest.c >&5
configure:7440: $? = 0
configure:7513: gcc -o conftest -g -O2   conftest.c  >&5
configure:7513: $? = 0
configure:7513: ./conftest
configure:7513: $? = 0
configure:7524: result: yes
configure:7537: checking for sys/types.h
configure:7537: gcc -c -g -O2  conftest.c >&5
configure:7537: $? = 0
configure:7537: result: yes
configure:7537: checking for sys/stat.h
configure:7537: gcc -c -g -O2  conftest.c >&5
configure:7537: $? = 0
configure:7537: result: yes
configure:7537: checking for stdlib.h
configure:7537: gcc -c -g -O2  conftest.c >&5
configure:7537: $? = 0
configure:7537: result: yes
configure:7537: checking for string.h
configure:7537: gcc -c -g -O2  conftest.c >&5
configure:7537: $? = 0
configure:7537: result: yes
configure:7537: checking for memory.h
configure:7537: gcc -c -g -O2  conftest.c >&5
configure:7537: $? = 0
configure:7537: result: yes
configure:7537: checking for strings.h
configure:7537: gcc -c -g -O2  conftest.c >&5
configure:7537: $? = 0
configure:7537: result: yes
configure:7537: checking for inttypes.h
configure:7537: gcc -c -g -O2  conftest.c >&5
configure:7537: $? = 0
configure:7537: result: yes
configure:7537: checking for stdint.h
configure:7537: gcc -c -g -O2  conftest.c >&5
configure:7537: $? = 0
configure:7537: result: yes
configure:7537: checking for unistd.h
configure:7537: gcc -c -g -O2  conftest.c >&5
configure:7537: $? = 0
configure:7537: result: yes
configure:7551: checking for dlfcn.h
configure:7551: gcc -c -g -O2  conftest.c >&5
configure:7551: $? = 0
configure:7551: result: yes
configure:7757: checking for objdir
configure:7772: result: .libs
configure:8043: checking if gcc supports -fno-rtti -fno-exceptions
configure:8061: gcc -c -g -O2  -fno-rtti -fno-exceptions conftest.c >&5
cc1: warning: command-line option '-fno-rtti' is valid for C++/D/ObjC++ but not for C
configure:8065: $? = 0
configure:8078: result: no
configure:8405: checking for gcc option to produce PIC
configure:8412: result: -fPIC -DPIC
configure:8420: checking if gcc PIC flag -fPIC -DPIC works
configure:8438: gcc -c -g -O2  -fPIC -DPIC -DPIC conftest.c >&5
configure:8442: $? = 0
configure:8455: result: yes
configure:8484: checking if gcc static flag -static works
configure:8512: result: yes
configure:8527: checking if gcc supports -c -o file.o
configure:8548: gcc -c -g -O2  -o out/conftest2.o conftest.c >&5
configure:8552: $? = 0
configure:8574: result: yes
configure:8582: checking if gcc supports -c -o file.o
configure:8629: result: yes
configure:8662: checking whether the gcc linker (/usr/bin/ld -m elf_x86_64) supports shared libraries
configure:9819: result: yes
configure:9856: checking whether -lc should be explicitly linked in
configure:9864: gcc -c -g -O2  conftest.c >&5
configure:9867: $? = 0
configure:9882: gcc -shared  -fPIC -DPIC conftest.o  -v -Wl,-soname -Wl,conftest -o conftest 2\>\&1 \| /usr/bin/grep  -lc  \>/dev/null 2\>\&1
configure:9885: $? = 0
configure:9899: result: no
configure:10059: checking dynamic linker characteristics
configure:10559: gcc -o conftest -g -O2   -Wl,-rpath -Wl,/foo conftest.c  >&5
configure:10559: $? = 0
configure:10793: result: GNU/Linux ld.so
configure:10900: checking how to hardcode library paths into programs
configure:10925: result: immediate
configure:11465: checking whether stripping libraries is possible
configure:11470: result: yes
configure:11505: checking if libtool supports shared libraries
configure:11507: result: yes
configure:11510: checking whether to build shared libraries
configure:11531: result: yes
configure:11534: checking whether to build static libraries
configure:11538: result: yes
configure:11587: checking whether make supports nested variables
configure:11604: result: yes
configure:11619: checking for gcc option to accept ISO C99
configure:11768: gcc  -c -g -O2  conftest.c >&5
configure:11768: $? = 0
configure:11781: result: none needed
configure:11805: checking for ldconfig
configure:11823: found /sbin/ldconfig
configure:11836: result: /sbin/ldconfig
configure:11848: checking for library containing dlopen
configure:11879: gcc -o conftest -g -O2   conftest.c  >&5
configure:11879: $? = 0
configure:11896: result: none required
configure:11906: checking for library containing sqrt
configure:11937: gcc -o conftest -g -O2   conftest.c  >&5
conftest.c:32:6: warning: conflicting types for built-in function 'sqrt'; expected 'double(double)' [-Wbuiltin-declaration-mismatch]
   32 | char sqrt ();
      |      ^~~~
conftest.c:1:1: note: 'sqrt' is declared in header '<math.h>'
    1 | /* confdefs.h */
/usr/bin/ld: /tmp/ccgBiddE.o: in function `main':
/usr/lib/libphidget22extra-1.16.20230707/conftest.c:36: undefined reference to `sqrt'
collect2: error: ld returned 1 exit status
configure:11937: $? = 1
configure: failed program was:
| /* confdefs.h */
| #define PACKAGE_NAME "phidget22extra C Library"
| #define PACKAGE_TARNAME "libphidget22extra"
| #define PACKAGE_VERSION "1.16"
| #define PACKAGE_STRING "phidget22extra C Library 1.16"
| #define PACKAGE_BUGREPORT "support@phidgets.com"
| #define PACKAGE_URL "www.phidgets.com"
| #define PACKAGE "libphidget22extra"
| #define VERSION "1.16"
| #define _HOST_CPU x86_64
| #define _MACHINE x86_64
| #define STDC_HEADERS 1
| #define HAVE_SYS_TYPES_H 1
| #define HAVE_SYS_STAT_H 1
| #define HAVE_STDLIB_H 1
| #define HAVE_STRING_H 1
| #define HAVE_MEMORY_H 1
| #define HAVE_STRINGS_H 1
| #define HAVE_INTTYPES_H 1
| #define HAVE_STDINT_H 1
| #define HAVE_UNISTD_H 1
| #define HAVE_DLFCN_H 1
| #define LT_OBJDIR ".libs/"
| /* end confdefs.h.  */
| 
| /* Override any GCC internal prototype to avoid an error.
|    Use char because int might match the return type of a GCC
|    builtin and then its argument prototype would still apply.  */
| #ifdef __cplusplus
| extern "C"
| #endif
| char sqrt ();
| int
| main ()
| {
| return sqrt ();
|   ;
|   return 0;
| }
configure:11937: gcc -o conftest -g -O2   conftest.c -lm   >&5
conftest.c:32:6: warning: conflicting types for built-in function 'sqrt'; expected 'double(double)' [-Wbuiltin-declaration-mismatch]
   32 | char sqrt ();
      |      ^~~~
conftest.c:1:1: note: 'sqrt' is declared in header '<math.h>'
    1 | /* confdefs.h */
configure:11937: $? = 0
configure:11954: result: -lm
configure:11964: checking for library containing pthread_create
configure:11995: gcc -o conftest -g -O2   conftest.c -lm  >&5
configure:11995: $? = 0
configure:12012: result: none required
configure:12023: checking for library containing libusb_init
configure:12054: gcc -o conftest -g -O2   conftest.c -lm  >&5
/usr/bin/ld: /tmp/ccTo9e9O.o: in function `main':
/usr/lib/libphidget22extra-1.16.20230707/conftest.c:37: undefined reference to `libusb_init'
collect2: error: ld returned 1 exit status
configure:12054: $? = 1
configure: failed program was:
| /* confdefs.h */
| #define PACKAGE_NAME "phidget22extra C Library"
| #define PACKAGE_TARNAME "libphidget22extra"
| #define PACKAGE_VERSION "1.16"
| #define PACKAGE_STRING "phidget22extra C Library 1.16"
| #define PACKAGE_BUGREPORT "support@phidgets.com"
| #define PACKAGE_URL "www.phidgets.com"
| #define PACKAGE "libphidget22extra"
| #define VERSION "1.16"
| #define _HOST_CPU x86_64
| #define _MACHINE x86_64
| #define STDC_HEADERS 1
| #define HAVE_SYS_TYPES_H 1
| #define HAVE_SYS_STAT_H 1
| #define HAVE_STDLIB_H 1
| #define HAVE_STRING_H 1
| #define HAVE_MEMORY_H 1
| #define HAVE_STRINGS_H 1
| #define HAVE_INTTYPES_H 1
| #define HAVE_STDINT_H 1
| #define HAVE_UNISTD_H 1
| #define HAVE_DLFCN_H 1
| #define LT_OBJDIR ".libs/"
| #define _MOS_PTHREADS 1
| /* end confdefs.h.  */
| 
| /* Override any GCC internal prototype to avoid an error.
|    Use char because int might match the return type of a GCC
|    builtin and then its argument prototype would still apply.  */
| #ifdef __cplusplus
| extern "C"
| #endif
| char libusb_init ();
| int
| main ()
| {
| return libusb_init ();
|   ;
|   return 0;
| }
configure:12054: gcc -o conftest -g -O2   conftest.c -lusb-1.0  -lm  >&5
configure:12054: $? = 0
configure:12071: result: -lusb-1.0
configure:12277: checking for library containing Phidget_getLibraryVersion
configure:12308: gcc -o conftest -g -O2   conftest.c -lusb-1.0 -lm  >&5
/usr/bin/ld: /tmp/ccKXwtqT.o: in function `main':
/usr/lib/libphidget22extra-1.16.20230707/conftest.c:40: undefined reference to `Phidget_getLibraryVersion'
collect2: error: ld returned 1 exit status
configure:12308: $? = 1
configure: failed program was:
| /* confdefs.h */
| #define PACKAGE_NAME "phidget22extra C Library"
| #define PACKAGE_TARNAME "libphidget22extra"
| #define PACKAGE_VERSION "1.16"
| #define PACKAGE_STRING "phidget22extra C Library 1.16"
| #define PACKAGE_BUGREPORT "support@phidgets.com"
| #define PACKAGE_URL "www.phidgets.com"
| #define PACKAGE "libphidget22extra"
| #define VERSION "1.16"
| #define _HOST_CPU x86_64
| #define _MACHINE x86_64
| #define STDC_HEADERS 1
| #define HAVE_SYS_TYPES_H 1
| #define HAVE_SYS_STAT_H 1
| #define HAVE_STDLIB_H 1
| #define HAVE_STRING_H 1
| #define HAVE_MEMORY_H 1
| #define HAVE_STRINGS_H 1
| #define HAVE_INTTYPES_H 1
| #define HAVE_STDINT_H 1
| #define HAVE_UNISTD_H 1
| #define HAVE_DLFCN_H 1
| #define LT_OBJDIR ".libs/"
| #define _MOS_PTHREADS 1
| #define UNIX 1
| #define _LINUX 1
| #define Linux 1
| /* end confdefs.h.  */
| 
| /* Override any GCC internal prototype to avoid an error.
|    Use char because int might match the return type of a GCC
|    builtin and then its argument prototype would still apply.  */
| #ifdef __cplusplus
| extern "C"
| #endif
| char Phidget_getLibraryVersion ();
| int
| main ()
| {
| return Phidget_getLibraryVersion ();
|   ;
|   return 0;
| }
configure:12308: gcc -o conftest -g -O2   conftest.c -lphidget22  -lusb-1.0 -lm  >&5
configure:12308: $? = 0
configure:12325: result: -lphidget22
configure:12336: checking for library containing dlopen
configure:12384: result: none required
configure:12560: checking that generated files are newer than configure
configure:12566: result: done
configure:12589: creating ./config.status

## ---------------------- ##
## Running config.status. ##
## ---------------------- ##

This file was extended by phidget22extra C Library config.status 1.16, which was
generated by GNU Autoconf 2.69.  Invocation command line was

  CONFIG_FILES    = 
  CONFIG_HEADERS  = 
  CONFIG_LINKS    = 
  CONFIG_COMMANDS = 
  $ ./config.status 

on theDungeon

config.status:1007: creating Makefile
config.status:1007: creating libphidget22extra.pc
config.status:1179: executing depfiles commands
config.status:1179: executing libtool commands

## ---------------- ##
## Cache variables. ##
## ---------------- ##

ac_cv_build=x86_64-unknown-linux-gnu
ac_cv_c_compiler_gnu=yes
ac_cv_env_CC_set=
ac_cv_env_CC_value=
ac_cv_env_CFLAGS_set=
ac_cv_env_CFLAGS_value=
ac_cv_env_CPPFLAGS_set=
ac_cv_env_CPPFLAGS_value=
ac_cv_env_CPP_set=
ac_cv_env_CPP_value=
ac_cv_env_LDCONFIG_set=
ac_cv_env_LDCONFIG_value=
ac_cv_env_LDFLAGS_set=
ac_cv_env_LDFLAGS_value=
ac_cv_env_LIBS_set=
ac_cv_env_LIBS_value=
ac_cv_env_build_alias_set=
ac_cv_env_build_alias_value=
ac_cv_env_host_alias_set=
ac_cv_env_host_alias_value=
ac_cv_env_target_alias_set=
ac_cv_env_target_alias_value=
ac_cv_header_dlfcn_h=yes
ac_cv_header_inttypes_h=yes
ac_cv_header_memory_h=yes
ac_cv_header_stdc=yes
ac_cv_header_stdint_h=yes
ac_cv_header_stdlib_h=yes
ac_cv_header_string_h=yes
ac_cv_header_strings_h=yes
ac_cv_header_sys_stat_h=yes
ac_cv_header_sys_types_h=yes
ac_cv_header_unistd_h=yes
ac_cv_host=x86_64-unknown-linux-gnu
ac_cv_objext=o
ac_cv_path_EGREP='/usr/bin/grep -E'
ac_cv_path_FGREP='/usr/bin/grep -F'
ac_cv_path_GREP=/usr/bin/grep
ac_cv_path_LDCONFIG=/sbin/ldconfig
ac_cv_path_SED=/usr/bin/sed
ac_cv_path_install='/usr/bin/install -c'
ac_cv_path_mkdir=/usr/bin/mkdir
ac_cv_prog_AWK=mawk
ac_cv_prog_CPP='gcc -E'
ac_cv_prog_ac_ct_AR=ar
ac_cv_prog_ac_ct_CC=gcc
ac_cv_prog_ac_ct_MANIFEST_TOOL=mt
ac_cv_prog_ac_ct_OBJDUMP=objdump
ac_cv_prog_ac_ct_RANLIB=ranlib
ac_cv_prog_ac_ct_STRIP=strip
ac_cv_prog_cc_c89=
ac_cv_prog_cc_c99=
ac_cv_prog_cc_g=yes
ac_cv_prog_make_make_set=yes
ac_cv_search_Phidget_getLibraryVersion=-lphidget22
ac_cv_search_dlopen='none required'
ac_cv_search_libusb_init=-lusb-1.0
ac_cv_search_pthread_create='none required'
ac_cv_search_sqrt=-lm
am_cv_CC_dependencies_compiler_type=gcc3
am_cv_ar_interface=ar
am_cv_make_support_nested_variables=yes
am_cv_prog_cc_c_o=yes
lt_cv_ar_at_file=@
lt_cv_archive_cmds_need_lc=no
lt_cv_deplibs_check_method=pass_all
lt_cv_file_magic_cmd='$MAGIC_CMD'
lt_cv_file_magic_test_file=
lt_cv_ld_reload_flag=-r
lt_cv_nm_interface='BSD nm'
lt_cv_objdir=.libs
lt_cv_path_LD=/usr/bin/ld
lt_cv_path_NM='/usr/bin/nm -B'
lt_cv_path_mainfest_tool=no
lt_cv_prog_compiler_c_o=yes
lt_cv_prog_compiler_pic='-fPIC -DPIC'
lt_cv_prog_compiler_pic_works=yes
lt_cv_prog_compiler_rtti_exceptions=no
lt_cv_prog_compiler_static_works=yes
lt_cv_prog_gnu_ld=yes
lt_cv_sharedlib_from_linklib_cmd='printf %s\n'
lt_cv_shlibpath_overrides_runpath=yes
lt_cv_sys_global_symbol_pipe='sed -n -e '\''s/^.*[	 ]\([ABCDGIRSTW][ABCDGIRSTW]*\)[	 ][	 ]*\([_A-Za-z][_A-Za-z0-9]*\)$/\1 \2 \2/p'\'' | sed '\''/ __gnu_lto/d'\'''
lt_cv_sys_global_symbol_to_c_name_address='sed -n -e '\''s/^: \([^ ]*\)[ ]*$/  {\"\1\", (void *) 0},/p'\'' -e '\''s/^[ABCDGIRSTW]* \([^ ]*\) \([^ ]*\)$/  {"\2", (void *) \&\2},/p'\'''
lt_cv_sys_global_symbol_to_c_name_address_lib_prefix='sed -n -e '\''s/^: \([^ ]*\)[ ]*$/  {\"\1\", (void *) 0},/p'\'' -e '\''s/^[ABCDGIRSTW]* \([^ ]*\) \(lib[^ ]*\)$/  {"\2", (void *) \&\2},/p'\'' -e '\''s/^[ABCDGIRSTW]* \([^ ]*\) \([^ ]*\)$/  {"lib\2", (void *) \&\2},/p'\'''
lt_cv_sys_global_symbol_to_cdecl='sed -n -e '\''s/^T .* \(.*\)$/extern int \1();/p'\'' -e '\''s/^[ABCDGIRSTW]* .* \(.*\)$/extern char \1;/p'\'''
lt_cv_sys_max_cmd_len=1572864
lt_cv_to_host_file_cmd=func_convert_file_noop
lt_cv_to_tool_file_cmd=func_convert_file_noop

## ----------------- ##
## Output variables. ##
## ----------------- ##

ACLOCAL='${SHELL} /usr/lib/libphidget22extra-1.16.20230707/build/missing aclocal-1.14'
AMDEPBACKSLASH='\'
AMDEP_FALSE='#'
AMDEP_TRUE=''
AMTAR='$${TAR-tar}'
AM_BACKSLASH='\'
AM_DEFAULT_V='$(AM_DEFAULT_VERBOSITY)'
AM_DEFAULT_VERBOSITY='1'
AM_V='$(V)'
AR='ar'
AUTOCONF='${SHELL} /usr/lib/libphidget22extra-1.16.20230707/build/missing autoconf'
AUTOHEADER='${SHELL} /usr/lib/libphidget22extra-1.16.20230707/build/missing autoheader'
AUTOMAKE='${SHELL} /usr/lib/libphidget22extra-1.16.20230707/build/missing automake-1.14'
AWK='mawk'
CC='gcc'
CCDEPMODE='depmode=gcc3'
CFLAGS='-g -O2'
CPP='gcc -E'
CPPFLAGS=''
CYGPATH_W='echo'
DEFS='-DPACKAGE_NAME=\"phidget22extra\ C\ Library\" -DPACKAGE_TARNAME=\"libphidget22extra\" -DPACKAGE_VERSION=\"1.16\" -DPACKAGE_STRING=\"phidget22extra\ C\ Library\ 1.16\" -DPACKAGE_BUGREPORT=\"support@phidgets.com\" -DPACKAGE_URL=\"www.phidgets.com\" -DPACKAGE=\"libphidget22extra\" -DVERSION=\"1.16\" -D_HOST_CPU=x86_64 -D_MACHINE=x86_64 -DSTDC_HEADERS=1 -DHAVE_SYS_TYPES_H=1 -DHAVE_SYS_STAT_H=1 -DHAVE_STDLIB_H=1 -DHAVE_STRING_H=1 -DHAVE_MEMORY_H=1 -DHAVE_STRINGS_H=1 -DHAVE_INTTYPES_H=1 -DHAVE_STDINT_H=1 -DHAVE_UNISTD_H=1 -DHAVE_DLFCN_H=1 -DLT_OBJDIR=\".libs/\" -D_MOS_PTHREADS=1 -DUNIX=1 -D_LINUX=1 -DLinux=1 -D_PHIDGET22=1'
DEPDIR='.deps'
DLLTOOL='false'
DSYMUTIL=''
DUMPBIN=''
ECHO_C=''
ECHO_N='-n'
ECHO_T=''
EGREP='/usr/bin/grep -E'
EXEEXT=''
FGREP='/usr/bin/grep -F'
GREP='/usr/bin/grep'
INSTALL_DATA='${INSTALL} -m 644'
INSTALL_PROGRAM='${INSTALL}'
INSTALL_SCRIPT='${INSTALL}'
INSTALL_STRIP_PROGRAM='$(install_sh) -c -s'
LD='/usr/bin/ld -m elf_x86_64'
LDCONFIG='/sbin/ldconfig'
LDFLAGS=''
LIBOBJS=''
LIBS='-lphidget22 -lusb-1.0 -lm '
LIBTOOL='$(SHELL) $(top_builddir)/libtool'
LIPO=''
LN_S='ln -s'
LTLIBOBJS=''
MAKEINFO='${SHELL} /usr/lib/libphidget22extra-1.16.20230707/build/missing makeinfo'
MANIFEST_TOOL=':'
MKDIR_P='/usr/bin/mkdir -p'
NM='/usr/bin/nm -B'
NMEDIT=''
OBJDUMP='objdump'
OBJEXT='o'
OTOOL64=''
OTOOL=''
PACKAGE='libphidget22extra'
PACKAGE_BUGREPORT='support@phidgets.com'
PACKAGE_NAME='phidget22extra C Library'
PACKAGE_STRING='phidget22extra C Library 1.16'
PACKAGE_TARNAME='libphidget22extra'
PACKAGE_URL='www.phidgets.com'
PACKAGE_VERSION='1.16'
PATH_SEPARATOR=':'
RANLIB='ranlib'
SED='/usr/bin/sed'
SET_MAKE=''
SHELL='/bin/bash'
STRIP='strip'
VERSION='1.16'
ac_ct_AR='ar'
ac_ct_CC='gcc'
ac_ct_DUMPBIN=''
am__EXEEXT_FALSE=''
am__EXEEXT_TRUE='#'
am__fastdepCC_FALSE='#'
am__fastdepCC_TRUE=''
am__include='include'
am__isrc=''
am__leading_dot='.'
am__nodep='_no'
am__quote=''
am__tar='$${TAR-tar} chof - "$$tardir"'
am__untar='$${TAR-tar} xf -'
bindir='${exec_prefix}/bin'
build='x86_64-unknown-linux-gnu'
build_alias=''
build_cpu='x86_64'
build_os='linux-gnu'
build_vendor='unknown'
datadir='${datarootdir}'
datarootdir='${prefix}/share'
docdir='${datarootdir}/doc/${PACKAGE_TARNAME}'
dvidir='${docdir}'
exec_prefix='${prefix}'
host='x86_64-unknown-linux-gnu'
host_alias=''
host_cpu='x86_64'
host_os='linux-gnu'
host_vendor='unknown'
htmldir='${docdir}'
includedir='${prefix}/include'
infodir='${datarootdir}/info'
install_sh='${SHELL} /usr/lib/libphidget22extra-1.16.20230707/build/install-sh'
libdir='${exec_prefix}/lib'
libexecdir='${exec_prefix}/libexec'
localedir='${datarootdir}/locale'
localstatedir='${prefix}/var'
mandir='${datarootdir}/man'
mkdir_p='$(MKDIR_P)'
oldincludedir='/usr/include'
pdfdir='${docdir}'
prefix='/usr/local'
program_transform_name='s,x,x,'
psdir='${docdir}'
sbindir='${exec_prefix}/sbin'
sharedstatedir='${prefix}/com'
sysconfdir='${prefix}/etc'
target_alias=''

## ----------- ##
## confdefs.h. ##
## ----------- ##

/* confdefs.h */
#define PACKAGE_NAME "phidget22extra C Library"
#define PACKAGE_TARNAME "libphidget22extra"
#define PACKAGE_VERSION "1.16"
#define PACKAGE_STRING "phidget22extra C Library 1.16"
#define PACKAGE_BUGREPORT "support@phidgets.com"
#define PACKAGE_URL "www.phidgets.com"
#define PACKAGE "libphidget22extra"
#define VERSION "1.16"
#define _HOST_CPU x86_64
#define _MACHINE x86_64
#define STDC_HEADERS 1
#define HAVE_SYS_TYPES_H 1
#define HAVE_SYS_STAT_H 1
#define HAVE_STDLIB_H 1
#define HAVE_STRING_H 1
#define HAVE_MEMORY_H 1
#define HAVE_STRINGS_H 1
#define HAVE_INTTYPES_H 1
#define HAVE_STDINT_H 1
#define HAVE_UNISTD_H 1
#define HAVE_DLFCN_H 1
#define LT_OBJDIR ".libs/"
#define _MOS_PTHREADS 1
#define UNIX 1
#define _LINUX 1
#define Linux 1
#define _PHIDGET22 1

configure: exit 0
